D:\Focusrite Stuff\Bizzare and WDL\wdl-ol\IPlugExamples\BizzareDelay\build-win-vst2\Win32\bin\BizzareDelay.exp
D:\Focusrite Stuff\Bizzare and WDL\wdl-ol\IPlugExamples\BizzareDelay\build-win-vst2\Win32\bin\BizzareDelay.lib
D:\Focusrite Stuff\Bizzare and WDL\wdl-ol\IPlugExamples\BizzareDelay\build-win-vst2\Win32\bin\BizzareDelay.pdb
D:\FOCUSRITE STUFF\BIZZARE AND WDL\WDL-OL\IPLUGEXAMPLES\BIZZAREDELAY\BUILD-WIN-VST2\WIN32\RELEASE\BIZZAREDELAY.OBJ
D:\FOCUSRITE STUFF\BIZZARE AND WDL\WDL-OL\IPLUGEXAMPLES\BIZZAREDELAY\BUILD-WIN-VST2\WIN32\RELEASE\BIZZAREDELAY.RES
D:\Focusrite Stuff\Bizzare and WDL\wdl-ol\IPlugExamples\BizzareDelay\build-win-vst2\Win32\Release\BizzareDelay-vst2.write.1.tlog
D:\Focusrite Stuff\Bizzare and WDL\wdl-ol\IPlugExamples\BizzareDelay\build-win-vst2\Win32\Release\cl.command.1.tlog
D:\Focusrite Stuff\Bizzare and WDL\wdl-ol\IPlugExamples\BizzareDelay\build-win-vst2\Win32\Release\CL.read.1.tlog
D:\Focusrite Stuff\Bizzare and WDL\wdl-ol\IPlugExamples\BizzareDelay\build-win-vst2\Win32\Release\CL.write.1.tlog
D:\FOCUSRITE STUFF\BIZZARE AND WDL\WDL-OL\IPLUGEXAMPLES\BIZZAREDELAY\BUILD-WIN-VST2\WIN32\RELEASE\DSP_CREEPER.OBJ
D:\FOCUSRITE STUFF\BIZZARE AND WDL\WDL-OL\IPLUGEXAMPLES\BIZZAREDELAY\BUILD-WIN-VST2\WIN32\RELEASE\DSP_DELAYA.OBJ
D:\FOCUSRITE STUFF\BIZZARE AND WDL\WDL-OL\IPLUGEXAMPLES\BIZZAREDELAY\BUILD-WIN-VST2\WIN32\RELEASE\DSP_DELAYL.OBJ
D:\FOCUSRITE STUFF\BIZZARE AND WDL\WDL-OL\IPLUGEXAMPLES\BIZZAREDELAY\BUILD-WIN-VST2\WIN32\RELEASE\DSP_DELAYLOOP.OBJ
D:\FOCUSRITE STUFF\BIZZARE AND WDL\WDL-OL\IPLUGEXAMPLES\BIZZAREDELAY\BUILD-WIN-VST2\WIN32\RELEASE\DSP_ONEPOLEHP.OBJ
D:\FOCUSRITE STUFF\BIZZARE AND WDL\WDL-OL\IPLUGEXAMPLES\BIZZAREDELAY\BUILD-WIN-VST2\WIN32\RELEASE\DSP_ONEPOLELP.OBJ
D:\FOCUSRITE STUFF\BIZZARE AND WDL\WDL-OL\IPLUGEXAMPLES\BIZZAREDELAY\BUILD-WIN-VST2\WIN32\RELEASE\DSP_SATURATOR.OBJ
D:\FOCUSRITE STUFF\BIZZARE AND WDL\WDL-OL\IPLUGEXAMPLES\BIZZAREDELAY\BUILD-WIN-VST2\WIN32\RELEASE\DSP_SINOSC.OBJ
D:\FOCUSRITE STUFF\BIZZARE AND WDL\WDL-OL\IPLUGEXAMPLES\BIZZAREDELAY\BUILD-WIN-VST2\WIN32\RELEASE\DSP_STEREODELAY.OBJ
D:\FOCUSRITE STUFF\BIZZARE AND WDL\WDL-OL\IPLUGEXAMPLES\BIZZAREDELAY\BUILD-WIN-VST2\WIN32\RELEASE\DSP_SVF.OBJ
D:\Focusrite Stuff\Bizzare and WDL\wdl-ol\IPlugExamples\BizzareDelay\build-win-vst2\Win32\Release\link.command.1.tlog
D:\Focusrite Stuff\Bizzare and WDL\wdl-ol\IPlugExamples\BizzareDelay\build-win-vst2\Win32\Release\link.read.1.tlog
D:\Focusrite Stuff\Bizzare and WDL\wdl-ol\IPlugExamples\BizzareDelay\build-win-vst2\Win32\Release\link.write.1.tlog
D:\Focusrite Stuff\Bizzare and WDL\wdl-ol\IPlugExamples\BizzareDelay\build-win-vst2\Win32\Release\link-cvtres.read.1.tlog
D:\Focusrite Stuff\Bizzare and WDL\wdl-ol\IPlugExamples\BizzareDelay\build-win-vst2\Win32\Release\link-cvtres.write.1.tlog
D:\Focusrite Stuff\Bizzare and WDL\wdl-ol\IPlugExamples\BizzareDelay\build-win-vst2\Win32\Release\rc.command.1.tlog
D:\Focusrite Stuff\Bizzare and WDL\wdl-ol\IPlugExamples\BizzareDelay\build-win-vst2\Win32\Release\rc.read.1.tlog
D:\Focusrite Stuff\Bizzare and WDL\wdl-ol\IPlugExamples\BizzareDelay\build-win-vst2\Win32\Release\rc.write.1.tlog
D:\FOCUSRITE STUFF\BIZZARE AND WDL\WDL-OL\IPLUGEXAMPLES\BIZZAREDELAY\BUILD-WIN-VST2\WIN32\RELEASE\SVF.OBJ
D:\FOCUSRITE STUFF\BIZZARE AND WDL\WDL-OL\IPLUGEXAMPLES\BIZZAREDELAY\BUILD-WIN-VST2\WIN32\RELEASE\VC100.PDB
